<?xml version="1.0" encoding="UTF-8"?>
<!-- Generated by org.testng.reporters.JUnitXMLReporter -->
<testsuite hostname="LAPTOP-J8VUTN6J" ignored="0" name="Test" tests="4" failures="0" timestamp="29 May 2020 04:54:54 GMT" time="8.593" errors="0">
  <testcase name="@BeforeClass openBrowser" time="3.44" classname="com.generics.ActiTime.BaseTest">
    <failure type="org.openqa.selenium.SessionNotCreatedException" message="session not created: This version of ChromeDriver only supports Chrome version 81
Build info: version: &amp;apos;3.11.0&amp;apos;, revision: &amp;apos;e59cfb3&amp;apos;, time: &amp;apos;2018-03-11T20:26:55.152Z&amp;apos;
System info: host: &amp;apos;LAPTOP-J8VUTN6J&amp;apos;, ip: &amp;apos;192.168.0.103&amp;apos;, os.name: &amp;apos;Windows 10&amp;apos;, os.arch: &amp;apos;amd64&amp;apos;, os.version: &amp;apos;10.0&amp;apos;, java.version: &amp;apos;1.8.0_231&amp;apos;
Driver info: driver.version: ChromeDriver
remote stacktrace: Backtrace:
	Ordinal0 [0x002E5F73+2449267]
	Ordinal0 [0x00218361+1606497]
	Ordinal0 [0x0010F969+522601]
	Ordinal0 [0x000A05F3+67059]
	Ordinal0 [0x0009CD92+52626]
	Ordinal0 [0x000BC127+180519]
	Ordinal0 [0x000BBF2D+180013]
	Ordinal0 [0x000B9E5B+171611]
	Ordinal0 [0x000A1DD8+73176]
	Ordinal0 [0x000A2E50+77392]
	Ordinal0 [0x000A2DE9+77289]
	Ordinal0 [0x0022D8D7+1693911]
	GetHandleVerifier [0x00384036+522726]
	GetHandleVerifier [0x00383D74+522020]
	GetHandleVerifier [0x00399187+609079]
	GetHandleVerifier [0x003848A6+524886]
	Ordinal0 [0x00225CBC+1662140]
	Ordinal0 [0x0022F23B+1700411]
	Ordinal0 [0x0022F3A3+1700771]
	Ordinal0 [0x00245215+1790485]
	BaseThreadInitThunk [0x76166359+25]
	RtlGetAppContainerNamedObjectPath [0x77307C24+228]
	RtlGetAppContainerNamedObjectPath [0x77307BF4+180]
	(No symbol) [0x00000000]
">
      <![CDATA[org.openqa.selenium.SessionNotCreatedException: session not created: This version of ChromeDriver only supports Chrome version 81
Build info: version: '3.11.0', revision: 'e59cfb3', time: '2018-03-11T20:26:55.152Z'
System info: host: 'LAPTOP-J8VUTN6J', ip: '192.168.0.103', os.name: 'Windows 10', os.arch: 'amd64', os.version: '10.0', java.version: '1.8.0_231'
Driver info: driver.version: ChromeDriver
remote stacktrace: Backtrace:
Ordinal0 [0x002E5F73+2449267]
Ordinal0 [0x00218361+1606497]
Ordinal0 [0x0010F969+522601]
Ordinal0 [0x000A05F3+67059]
Ordinal0 [0x0009CD92+52626]
Ordinal0 [0x000BC127+180519]
Ordinal0 [0x000BBF2D+180013]
Ordinal0 [0x000B9E5B+171611]
Ordinal0 [0x000A1DD8+73176]
Ordinal0 [0x000A2E50+77392]
Ordinal0 [0x000A2DE9+77289]
Ordinal0 [0x0022D8D7+1693911]
GetHandleVerifier [0x00384036+522726]
GetHandleVerifier [0x00383D74+522020]
GetHandleVerifier [0x00399187+609079]
GetHandleVerifier [0x003848A6+524886]
Ordinal0 [0x00225CBC+1662140]
Ordinal0 [0x0022F23B+1700411]
Ordinal0 [0x0022F3A3+1700771]
Ordinal0 [0x00245215+1790485]
BaseThreadInitThunk [0x76166359+25]
RtlGetAppContainerNamedObjectPath [0x77307C24+228]
RtlGetAppContainerNamedObjectPath [0x77307BF4+180]
(No symbol) [0x00000000]

at org.openqa.selenium.remote.W3CHandshakeResponse.lambda$new$0(W3CHandshakeResponse.java:57)
at org.openqa.selenium.remote.W3CHandshakeResponse.lambda$getResponseFunction$2(W3CHandshakeResponse.java:104)
at org.openqa.selenium.remote.ProtocolHandshake.lambda$createSession$0(ProtocolHandshake.java:123)
at java.util.stream.ReferencePipeline$3$1.accept(Unknown Source)
at java.util.Spliterators$ArraySpliterator.tryAdvance(Unknown Source)
at java.util.stream.ReferencePipeline.forEachWithCancel(Unknown Source)
at java.util.stream.AbstractPipeline.copyIntoWithCancel(Unknown Source)
at java.util.stream.AbstractPipeline.copyInto(Unknown Source)
at java.util.stream.AbstractPipeline.wrapAndCopyInto(Unknown Source)
at java.util.stream.FindOps$FindOp.evaluateSequential(Unknown Source)
at java.util.stream.AbstractPipeline.evaluate(Unknown Source)
at java.util.stream.ReferencePipeline.findFirst(Unknown Source)
at org.openqa.selenium.remote.ProtocolHandshake.createSession(ProtocolHandshake.java:126)
at org.openqa.selenium.remote.ProtocolHandshake.createSession(ProtocolHandshake.java:73)
at org.openqa.selenium.remote.HttpCommandExecutor.execute(HttpCommandExecutor.java:136)
at org.openqa.selenium.remote.service.DriverCommandExecutor.execute(DriverCommandExecutor.java:83)
at org.openqa.selenium.remote.RemoteWebDriver.execute(RemoteWebDriver.java:545)
at org.openqa.selenium.remote.RemoteWebDriver.startSession(RemoteWebDriver.java:209)
at org.openqa.selenium.remote.RemoteWebDriver.<init>(RemoteWebDriver.java:132)
at org.openqa.selenium.chrome.ChromeDriver.<init>(ChromeDriver.java:181)
at org.openqa.selenium.chrome.ChromeDriver.<init>(ChromeDriver.java:168)
at org.openqa.selenium.chrome.ChromeDriver.<init>(ChromeDriver.java:123)
at com.generics.ActiTime.BaseTest.openBrowser(BaseTest.java:23)
... Removed 30 stack frames]]>
    </failure>
  </testcase> <!-- @BeforeClass openBrowser -->
  <testcase name="@AfterClass closeBrowser" time="0.0" classname="com.generics.ActiTime.BaseTest">
    <skipped/>
  </testcase> <!-- @AfterClass closeBrowser -->
  <testcase name="@BeforeClass openBrowser" time="1.684" classname="com.generics.ActiTime.BaseTest">
    <failure type="org.openqa.selenium.SessionNotCreatedException" message="session not created: This version of ChromeDriver only supports Chrome version 81
Build info: version: &amp;apos;3.11.0&amp;apos;, revision: &amp;apos;e59cfb3&amp;apos;, time: &amp;apos;2018-03-11T20:26:55.152Z&amp;apos;
System info: host: &amp;apos;LAPTOP-J8VUTN6J&amp;apos;, ip: &amp;apos;192.168.0.103&amp;apos;, os.name: &amp;apos;Windows 10&amp;apos;, os.arch: &amp;apos;amd64&amp;apos;, os.version: &amp;apos;10.0&amp;apos;, java.version: &amp;apos;1.8.0_231&amp;apos;
Driver info: driver.version: ChromeDriver
remote stacktrace: Backtrace:
	Ordinal0 [0x002E5F73+2449267]
	Ordinal0 [0x00218361+1606497]
	Ordinal0 [0x0010F969+522601]
	Ordinal0 [0x000A05F3+67059]
	Ordinal0 [0x0009CD92+52626]
	Ordinal0 [0x000BC127+180519]
	Ordinal0 [0x000BBF2D+180013]
	Ordinal0 [0x000B9E5B+171611]
	Ordinal0 [0x000A1DD8+73176]
	Ordinal0 [0x000A2E50+77392]
	Ordinal0 [0x000A2DE9+77289]
	Ordinal0 [0x0022D8D7+1693911]
	GetHandleVerifier [0x00384036+522726]
	GetHandleVerifier [0x00383D74+522020]
	GetHandleVerifier [0x00399187+609079]
	GetHandleVerifier [0x003848A6+524886]
	Ordinal0 [0x00225CBC+1662140]
	Ordinal0 [0x0022F23B+1700411]
	Ordinal0 [0x0022F3A3+1700771]
	Ordinal0 [0x00245215+1790485]
	BaseThreadInitThunk [0x76166359+25]
	RtlGetAppContainerNamedObjectPath [0x77307C24+228]
	RtlGetAppContainerNamedObjectPath [0x77307BF4+180]
	(No symbol) [0x00000000]
">
      <![CDATA[org.openqa.selenium.SessionNotCreatedException: session not created: This version of ChromeDriver only supports Chrome version 81
Build info: version: '3.11.0', revision: 'e59cfb3', time: '2018-03-11T20:26:55.152Z'
System info: host: 'LAPTOP-J8VUTN6J', ip: '192.168.0.103', os.name: 'Windows 10', os.arch: 'amd64', os.version: '10.0', java.version: '1.8.0_231'
Driver info: driver.version: ChromeDriver
remote stacktrace: Backtrace:
Ordinal0 [0x002E5F73+2449267]
Ordinal0 [0x00218361+1606497]
Ordinal0 [0x0010F969+522601]
Ordinal0 [0x000A05F3+67059]
Ordinal0 [0x0009CD92+52626]
Ordinal0 [0x000BC127+180519]
Ordinal0 [0x000BBF2D+180013]
Ordinal0 [0x000B9E5B+171611]
Ordinal0 [0x000A1DD8+73176]
Ordinal0 [0x000A2E50+77392]
Ordinal0 [0x000A2DE9+77289]
Ordinal0 [0x0022D8D7+1693911]
GetHandleVerifier [0x00384036+522726]
GetHandleVerifier [0x00383D74+522020]
GetHandleVerifier [0x00399187+609079]
GetHandleVerifier [0x003848A6+524886]
Ordinal0 [0x00225CBC+1662140]
Ordinal0 [0x0022F23B+1700411]
Ordinal0 [0x0022F3A3+1700771]
Ordinal0 [0x00245215+1790485]
BaseThreadInitThunk [0x76166359+25]
RtlGetAppContainerNamedObjectPath [0x77307C24+228]
RtlGetAppContainerNamedObjectPath [0x77307BF4+180]
(No symbol) [0x00000000]

at org.openqa.selenium.remote.W3CHandshakeResponse.lambda$new$0(W3CHandshakeResponse.java:57)
at org.openqa.selenium.remote.W3CHandshakeResponse.lambda$getResponseFunction$2(W3CHandshakeResponse.java:104)
at org.openqa.selenium.remote.ProtocolHandshake.lambda$createSession$0(ProtocolHandshake.java:123)
at java.util.stream.ReferencePipeline$3$1.accept(Unknown Source)
at java.util.Spliterators$ArraySpliterator.tryAdvance(Unknown Source)
at java.util.stream.ReferencePipeline.forEachWithCancel(Unknown Source)
at java.util.stream.AbstractPipeline.copyIntoWithCancel(Unknown Source)
at java.util.stream.AbstractPipeline.copyInto(Unknown Source)
at java.util.stream.AbstractPipeline.wrapAndCopyInto(Unknown Source)
at java.util.stream.FindOps$FindOp.evaluateSequential(Unknown Source)
at java.util.stream.AbstractPipeline.evaluate(Unknown Source)
at java.util.stream.ReferencePipeline.findFirst(Unknown Source)
at org.openqa.selenium.remote.ProtocolHandshake.createSession(ProtocolHandshake.java:126)
at org.openqa.selenium.remote.ProtocolHandshake.createSession(ProtocolHandshake.java:73)
at org.openqa.selenium.remote.HttpCommandExecutor.execute(HttpCommandExecutor.java:136)
at org.openqa.selenium.remote.service.DriverCommandExecutor.execute(DriverCommandExecutor.java:83)
at org.openqa.selenium.remote.RemoteWebDriver.execute(RemoteWebDriver.java:545)
at org.openqa.selenium.remote.RemoteWebDriver.startSession(RemoteWebDriver.java:209)
at org.openqa.selenium.remote.RemoteWebDriver.<init>(RemoteWebDriver.java:132)
at org.openqa.selenium.chrome.ChromeDriver.<init>(ChromeDriver.java:181)
at org.openqa.selenium.chrome.ChromeDriver.<init>(ChromeDriver.java:168)
at org.openqa.selenium.chrome.ChromeDriver.<init>(ChromeDriver.java:123)
at com.generics.ActiTime.BaseTest.openBrowser(BaseTest.java:23)
... Removed 30 stack frames]]>
    </failure>
  </testcase> <!-- @BeforeClass openBrowser -->
  <testcase name="@AfterClass closeBrowser" time="0.0" classname="com.generics.ActiTime.BaseTest">
    <skipped/>
  </testcase> <!-- @AfterClass closeBrowser -->
  <testcase name="@BeforeClass openBrowser" time="1.599" classname="com.generics.ActiTime.BaseTest">
    <failure type="org.openqa.selenium.SessionNotCreatedException" message="session not created: This version of ChromeDriver only supports Chrome version 81
Build info: version: &amp;apos;3.11.0&amp;apos;, revision: &amp;apos;e59cfb3&amp;apos;, time: &amp;apos;2018-03-11T20:26:55.152Z&amp;apos;
System info: host: &amp;apos;LAPTOP-J8VUTN6J&amp;apos;, ip: &amp;apos;192.168.0.103&amp;apos;, os.name: &amp;apos;Windows 10&amp;apos;, os.arch: &amp;apos;amd64&amp;apos;, os.version: &amp;apos;10.0&amp;apos;, java.version: &amp;apos;1.8.0_231&amp;apos;
Driver info: driver.version: ChromeDriver
remote stacktrace: Backtrace:
	Ordinal0 [0x002E5F73+2449267]
	Ordinal0 [0x00218361+1606497]
	Ordinal0 [0x0010F969+522601]
	Ordinal0 [0x000A05F3+67059]
	Ordinal0 [0x0009CD92+52626]
	Ordinal0 [0x000BC127+180519]
	Ordinal0 [0x000BBF2D+180013]
	Ordinal0 [0x000B9E5B+171611]
	Ordinal0 [0x000A1DD8+73176]
	Ordinal0 [0x000A2E50+77392]
	Ordinal0 [0x000A2DE9+77289]
	Ordinal0 [0x0022D8D7+1693911]
	GetHandleVerifier [0x00384036+522726]
	GetHandleVerifier [0x00383D74+522020]
	GetHandleVerifier [0x00399187+609079]
	GetHandleVerifier [0x003848A6+524886]
	Ordinal0 [0x00225CBC+1662140]
	Ordinal0 [0x0022F23B+1700411]
	Ordinal0 [0x0022F3A3+1700771]
	Ordinal0 [0x00245215+1790485]
	BaseThreadInitThunk [0x76166359+25]
	RtlGetAppContainerNamedObjectPath [0x77307C24+228]
	RtlGetAppContainerNamedObjectPath [0x77307BF4+180]
	(No symbol) [0x00000000]
">
      <![CDATA[org.openqa.selenium.SessionNotCreatedException: session not created: This version of ChromeDriver only supports Chrome version 81
Build info: version: '3.11.0', revision: 'e59cfb3', time: '2018-03-11T20:26:55.152Z'
System info: host: 'LAPTOP-J8VUTN6J', ip: '192.168.0.103', os.name: 'Windows 10', os.arch: 'amd64', os.version: '10.0', java.version: '1.8.0_231'
Driver info: driver.version: ChromeDriver
remote stacktrace: Backtrace:
Ordinal0 [0x002E5F73+2449267]
Ordinal0 [0x00218361+1606497]
Ordinal0 [0x0010F969+522601]
Ordinal0 [0x000A05F3+67059]
Ordinal0 [0x0009CD92+52626]
Ordinal0 [0x000BC127+180519]
Ordinal0 [0x000BBF2D+180013]
Ordinal0 [0x000B9E5B+171611]
Ordinal0 [0x000A1DD8+73176]
Ordinal0 [0x000A2E50+77392]
Ordinal0 [0x000A2DE9+77289]
Ordinal0 [0x0022D8D7+1693911]
GetHandleVerifier [0x00384036+522726]
GetHandleVerifier [0x00383D74+522020]
GetHandleVerifier [0x00399187+609079]
GetHandleVerifier [0x003848A6+524886]
Ordinal0 [0x00225CBC+1662140]
Ordinal0 [0x0022F23B+1700411]
Ordinal0 [0x0022F3A3+1700771]
Ordinal0 [0x00245215+1790485]
BaseThreadInitThunk [0x76166359+25]
RtlGetAppContainerNamedObjectPath [0x77307C24+228]
RtlGetAppContainerNamedObjectPath [0x77307BF4+180]
(No symbol) [0x00000000]

at org.openqa.selenium.remote.W3CHandshakeResponse.lambda$new$0(W3CHandshakeResponse.java:57)
at org.openqa.selenium.remote.W3CHandshakeResponse.lambda$getResponseFunction$2(W3CHandshakeResponse.java:104)
at org.openqa.selenium.remote.ProtocolHandshake.lambda$createSession$0(ProtocolHandshake.java:123)
at java.util.stream.ReferencePipeline$3$1.accept(Unknown Source)
at java.util.Spliterators$ArraySpliterator.tryAdvance(Unknown Source)
at java.util.stream.ReferencePipeline.forEachWithCancel(Unknown Source)
at java.util.stream.AbstractPipeline.copyIntoWithCancel(Unknown Source)
at java.util.stream.AbstractPipeline.copyInto(Unknown Source)
at java.util.stream.AbstractPipeline.wrapAndCopyInto(Unknown Source)
at java.util.stream.FindOps$FindOp.evaluateSequential(Unknown Source)
at java.util.stream.AbstractPipeline.evaluate(Unknown Source)
at java.util.stream.ReferencePipeline.findFirst(Unknown Source)
at org.openqa.selenium.remote.ProtocolHandshake.createSession(ProtocolHandshake.java:126)
at org.openqa.selenium.remote.ProtocolHandshake.createSession(ProtocolHandshake.java:73)
at org.openqa.selenium.remote.HttpCommandExecutor.execute(HttpCommandExecutor.java:136)
at org.openqa.selenium.remote.service.DriverCommandExecutor.execute(DriverCommandExecutor.java:83)
at org.openqa.selenium.remote.RemoteWebDriver.execute(RemoteWebDriver.java:545)
at org.openqa.selenium.remote.RemoteWebDriver.startSession(RemoteWebDriver.java:209)
at org.openqa.selenium.remote.RemoteWebDriver.<init>(RemoteWebDriver.java:132)
at org.openqa.selenium.chrome.ChromeDriver.<init>(ChromeDriver.java:181)
at org.openqa.selenium.chrome.ChromeDriver.<init>(ChromeDriver.java:168)
at org.openqa.selenium.chrome.ChromeDriver.<init>(ChromeDriver.java:123)
at com.generics.ActiTime.BaseTest.openBrowser(BaseTest.java:23)
... Removed 30 stack frames]]>
    </failure>
  </testcase> <!-- @BeforeClass openBrowser -->
  <testcase name="@AfterClass closeBrowser" time="0.0" classname="com.generics.ActiTime.BaseTest">
    <skipped/>
  </testcase> <!-- @AfterClass closeBrowser -->
  <testcase name="@BeforeClass openBrowser" time="1.768" classname="com.generics.ActiTime.BaseTest">
    <failure type="org.openqa.selenium.SessionNotCreatedException" message="session not created: This version of ChromeDriver only supports Chrome version 81
Build info: version: &amp;apos;3.11.0&amp;apos;, revision: &amp;apos;e59cfb3&amp;apos;, time: &amp;apos;2018-03-11T20:26:55.152Z&amp;apos;
System info: host: &amp;apos;LAPTOP-J8VUTN6J&amp;apos;, ip: &amp;apos;192.168.0.103&amp;apos;, os.name: &amp;apos;Windows 10&amp;apos;, os.arch: &amp;apos;amd64&amp;apos;, os.version: &amp;apos;10.0&amp;apos;, java.version: &amp;apos;1.8.0_231&amp;apos;
Driver info: driver.version: ChromeDriver
remote stacktrace: Backtrace:
	Ordinal0 [0x002E5F73+2449267]
	Ordinal0 [0x00218361+1606497]
	Ordinal0 [0x0010F969+522601]
	Ordinal0 [0x000A05F3+67059]
	Ordinal0 [0x0009CD92+52626]
	Ordinal0 [0x000BC127+180519]
	Ordinal0 [0x000BBF2D+180013]
	Ordinal0 [0x000B9E5B+171611]
	Ordinal0 [0x000A1DD8+73176]
	Ordinal0 [0x000A2E50+77392]
	Ordinal0 [0x000A2DE9+77289]
	Ordinal0 [0x0022D8D7+1693911]
	GetHandleVerifier [0x00384036+522726]
	GetHandleVerifier [0x00383D74+522020]
	GetHandleVerifier [0x00399187+609079]
	GetHandleVerifier [0x003848A6+524886]
	Ordinal0 [0x00225CBC+1662140]
	Ordinal0 [0x0022F23B+1700411]
	Ordinal0 [0x0022F3A3+1700771]
	Ordinal0 [0x00245215+1790485]
	BaseThreadInitThunk [0x76166359+25]
	RtlGetAppContainerNamedObjectPath [0x77307C24+228]
	RtlGetAppContainerNamedObjectPath [0x77307BF4+180]
	(No symbol) [0x00000000]
">
      <![CDATA[org.openqa.selenium.SessionNotCreatedException: session not created: This version of ChromeDriver only supports Chrome version 81
Build info: version: '3.11.0', revision: 'e59cfb3', time: '2018-03-11T20:26:55.152Z'
System info: host: 'LAPTOP-J8VUTN6J', ip: '192.168.0.103', os.name: 'Windows 10', os.arch: 'amd64', os.version: '10.0', java.version: '1.8.0_231'
Driver info: driver.version: ChromeDriver
remote stacktrace: Backtrace:
Ordinal0 [0x002E5F73+2449267]
Ordinal0 [0x00218361+1606497]
Ordinal0 [0x0010F969+522601]
Ordinal0 [0x000A05F3+67059]
Ordinal0 [0x0009CD92+52626]
Ordinal0 [0x000BC127+180519]
Ordinal0 [0x000BBF2D+180013]
Ordinal0 [0x000B9E5B+171611]
Ordinal0 [0x000A1DD8+73176]
Ordinal0 [0x000A2E50+77392]
Ordinal0 [0x000A2DE9+77289]
Ordinal0 [0x0022D8D7+1693911]
GetHandleVerifier [0x00384036+522726]
GetHandleVerifier [0x00383D74+522020]
GetHandleVerifier [0x00399187+609079]
GetHandleVerifier [0x003848A6+524886]
Ordinal0 [0x00225CBC+1662140]
Ordinal0 [0x0022F23B+1700411]
Ordinal0 [0x0022F3A3+1700771]
Ordinal0 [0x00245215+1790485]
BaseThreadInitThunk [0x76166359+25]
RtlGetAppContainerNamedObjectPath [0x77307C24+228]
RtlGetAppContainerNamedObjectPath [0x77307BF4+180]
(No symbol) [0x00000000]

at org.openqa.selenium.remote.W3CHandshakeResponse.lambda$new$0(W3CHandshakeResponse.java:57)
at org.openqa.selenium.remote.W3CHandshakeResponse.lambda$getResponseFunction$2(W3CHandshakeResponse.java:104)
at org.openqa.selenium.remote.ProtocolHandshake.lambda$createSession$0(ProtocolHandshake.java:123)
at java.util.stream.ReferencePipeline$3$1.accept(Unknown Source)
at java.util.Spliterators$ArraySpliterator.tryAdvance(Unknown Source)
at java.util.stream.ReferencePipeline.forEachWithCancel(Unknown Source)
at java.util.stream.AbstractPipeline.copyIntoWithCancel(Unknown Source)
at java.util.stream.AbstractPipeline.copyInto(Unknown Source)
at java.util.stream.AbstractPipeline.wrapAndCopyInto(Unknown Source)
at java.util.stream.FindOps$FindOp.evaluateSequential(Unknown Source)
at java.util.stream.AbstractPipeline.evaluate(Unknown Source)
at java.util.stream.ReferencePipeline.findFirst(Unknown Source)
at org.openqa.selenium.remote.ProtocolHandshake.createSession(ProtocolHandshake.java:126)
at org.openqa.selenium.remote.ProtocolHandshake.createSession(ProtocolHandshake.java:73)
at org.openqa.selenium.remote.HttpCommandExecutor.execute(HttpCommandExecutor.java:136)
at org.openqa.selenium.remote.service.DriverCommandExecutor.execute(DriverCommandExecutor.java:83)
at org.openqa.selenium.remote.RemoteWebDriver.execute(RemoteWebDriver.java:545)
at org.openqa.selenium.remote.RemoteWebDriver.startSession(RemoteWebDriver.java:209)
at org.openqa.selenium.remote.RemoteWebDriver.<init>(RemoteWebDriver.java:132)
at org.openqa.selenium.chrome.ChromeDriver.<init>(ChromeDriver.java:181)
at org.openqa.selenium.chrome.ChromeDriver.<init>(ChromeDriver.java:168)
at org.openqa.selenium.chrome.ChromeDriver.<init>(ChromeDriver.java:123)
at com.generics.ActiTime.BaseTest.openBrowser(BaseTest.java:23)
... Removed 30 stack frames]]>
    </failure>
  </testcase> <!-- @BeforeClass openBrowser -->
  <testcase name="@AfterClass closeBrowser" time="0.0" classname="com.generics.ActiTime.BaseTest">
    <skipped/>
  </testcase> <!-- @AfterClass closeBrowser -->
  <testcase name="CreateEditDeleteLeave" time="0.0" classname="com.scripts.ActiTimeLogin.TestCreateEditDeleteLeave">
    <skipped/>
  </testcase> <!-- CreateEditDeleteLeave -->
  <testcase name="CreateEditAndDeletetask" time="0.0" classname="com.scripts.ActiTimeLogin.TestCreateEditDeleteTask">
    <skipped/>
  </testcase> <!-- CreateEditAndDeletetask -->
  <testcase name="createEditAndDeleteCustomer" time="0.0" classname="com.scripts.ActiTimeLogin.TestActiCreateEditDeleteCustomer">
    <skipped/>
  </testcase> <!-- createEditAndDeleteCustomer -->
  <testcase name="actiLogin" time="0.0" classname="com.scripts.ActiTimeLogin.TestActilogin">
    <skipped/>
  </testcase> <!-- actiLogin -->
</testsuite> <!-- Test -->
